{"meta": {"format": 3, "version": "7.13.4", "timestamp": "2026-03-12T15:21:06.121619", "branch_coverage": false, "show_contexts": false}, "files": {"src/__init__.py": {"executed_lines": [], "summary": {"covered_lines": 0, "num_statements": 0, "percent_covered": 100.0, "percent_covered_display": "100.00", "missing_lines": 0, "excluded_lines": 0, "percent_statements_covered": 100.0, "percent_statements_covered_display": "100.00"}, "missing_lines": [], "excluded_lines": [], "functions": {"": {"executed_lines": [], "summary": {"covered_lines": 0, "num_statements": 0, "percent_covered": 100.0, "percent_covered_display": "100.00", "missing_lines": 0, "excluded_lines": 0, "percent_statements_covered": 100.0, "percent_statements_covered_display": "100.00"}, "missing_lines": [], "excluded_lines": [], "start_line": 1}}, "classes": {"": {"executed_lines": [], "summary": {"covered_lines": 0, "num_statements": 0, "percent_covered": 100.0, "percent_covered_display": "100.00", "missing_lines": 0, "excluded_lines": 0, "percent_statements_covered": 100.0, "percent_statements_covered_display": "100.00"}, "missing_lines": [], "excluded_lines": [], "start_line": 1}}}, "src/helpers/arguments_helper.py": {"executed_lines": [4, 11, 12, 13], "summary": {"covered_lines": 4, "num_statements": 6, "percent_covered": 66.66666666666667, "percent_covered_display": "66.67", "missing_lines": 2, "excluded_lines": 0, "percent_statements_covered": 66.66666666666667, "percent_statements_covered_display": "66.67"}, "missing_lines": [6, 15], "excluded_lines": [], "functions": {"missing_required_arguments": {"executed_lines": [], "summary": {"covered_lines": 0, "num_statements": 1, "percent_covered": 0.0, "percent_covered_display": "0.00", "missing_lines": 1, "excluded_lines": 0, "percent_statements_covered": 0.0, "percent_statements_covered_display": "0.00"}, "missing_lines": [6], "excluded_lines": [], "start_line": 4}, "ArgumentsHelper.missing_required_arguments_message": {"executed_lines": [], "summary": {"covered_lines": 0, "num_statements": 1, "percent_covered": 0.0, "percent_covered_display": "0.00", "missing_lines": 1, "excluded_lines": 0, "percent_statements_covered": 0.0, "percent_statements_covered_display": "0.00"}, "missing_lines": [15], "excluded_lines": [], "start_line": 13}, "": {"executed_lines": [4, 11, 12, 13], "summary": {"covered_lines": 4, "num_statements": 4, "percent_covered": 100.0, "percent_covered_display": "100.00", "missing_lines": 0, "excluded_lines": 0, "percent_statements_covered": 100.0, "percent_statements_covered_display": "100.00"}, "missing_lines": [], "excluded_lines": [], "start_line": 1}}, "classes": {"ArgumentsHelper": {"executed_lines": [], "summary": {"covered_lines": 0, "num_statements": 1, "percent_covered": 0.0, "percent_covered_display": "0.00", "missing_lines": 1, "excluded_lines": 0, "percent_statements_covered": 0.0, "percent_statements_covered_display": "0.00"}, "missing_lines": [15], "excluded_lines": [], "start_line": 11}, "": {"executed_lines": [4, 11, 12, 13], "summary": {"covered_lines": 4, "num_statements": 5, "percent_covered": 80.0, "percent_covered_display": "80.00", "missing_lines": 1, "excluded_lines": 0, "percent_statements_covered": 80.0, "percent_statements_covered_display": "80.00"}, "missing_lines": [6], "excluded_lines": [], "start_line": 1}}}, "src/helpers/wrapper_helper.py": {"executed_lines": [3, 4, 7, 23, 36, 37, 38, 47, 48], "summary": {"covered_lines": 9, "num_statements": 23, "percent_covered": 39.130434782608695, "percent_covered_display": "39.13", "missing_lines": 14, "excluded_lines": 0, "percent_statements_covered": 39.130434782608695, "percent_statements_covered_display": "39.13"}, "missing_lines": [13, 14, 15, 16, 17, 18, 19, 20, 30, 31, 32, 33, 45, 54], "excluded_lines": [], "functions": {"run_script": {"executed_lines": [], "summary": {"covered_lines": 0, "num_statements": 8, "percent_covered": 0.0, "percent_covered_display": "0.00", "missing_lines": 8, "excluded_lines": 0, "percent_statements_covered": 0.0, "percent_statements_covered_display": "0.00"}, "missing_lines": [13, 14, 15, 16, 17, 18, 19, 20], "excluded_lines": [], "start_line": 7}, "finish_script": {"executed_lines": [], "summary": {"covered_lines": 0, "num_statements": 4, "percent_covered": 0.0, "percent_covered_display": "0.00", "missing_lines": 4, "excluded_lines": 0, "percent_statements_covered": 0.0, "percent_statements_covered_display": "0.00"}, "missing_lines": [30, 31, 32, 33], "excluded_lines": [], "start_line": 23}, "WrapperHelper.end": {"executed_lines": [], "summary": {"covered_lines": 0, "num_statements": 1, "percent_covered": 0.0, "percent_covered_display": "0.00", "missing_lines": 1, "excluded_lines": 0, "percent_statements_covered": 0.0, "percent_statements_covered_display": "0.00"}, "missing_lines": [45], "excluded_lines": [], "start_line": 38}, "WrapperHelper.main": {"executed_lines": [], "summary": {"covered_lines": 0, "num_statements": 1, "percent_covered": 0.0, "percent_covered_display": "0.00", "missing_lines": 1, "excluded_lines": 0, "percent_statements_covered": 0.0, "percent_statements_covered_display": "0.00"}, "missing_lines": [54], "excluded_lines": [], "start_line": 48}, "": {"executed_lines": [3, 4, 7, 23, 36, 37, 38, 47, 48], "summary": {"covered_lines": 9, "num_statements": 9, "percent_covered": 100.0, "percent_covered_display": "100.00", "missing_lines": 0, "excluded_lines": 0, "percent_statements_covered": 100.0, "percent_statements_covered_display": "100.00"}, "missing_lines": [], "excluded_lines": [], "start_line": 1}}, "classes": {"WrapperHelper": {"executed_lines": [], "summary": {"covered_lines": 0, "num_statements": 2, "percent_covered": 0.0, "percent_covered_display": "0.00", "missing_lines": 2, "excluded_lines": 0, "percent_statements_covered": 0.0, "percent_statements_covered_display": "0.00"}, "missing_lines": [45, 54], "excluded_lines": [], "start_line": 36}, "": {"executed_lines": [3, 4, 7, 23, 36, 37, 38, 47, 48], "summary": {"covered_lines": 9, "num_statements": 21, "percent_covered": 42.857142857142854, "percent_covered_display": "42.86", "missing_lines": 12, "excluded_lines": 0, "percent_statements_covered": 42.857142857142854, "percent_statements_covered_display": "42.86"}, "missing_lines": [13, 14, 15, 16, 17, 18, 19, 20, 30, 31, 32, 33], "excluded_lines": [], "start_line": 1}}}}, "totals": {"covered_lines": 13, "num_statements": 29, "percent_covered": 44.827586206896555, "percent_covered_display": "44.83", "missing_lines": 16, "excluded_lines": 0, "percent_statements_covered": 44.827586206896555, "percent_statements_covered_display": "44.83"}}